  C:\src\yt-tutorials\CPP\OpenGL\OpenGLTutorial\
  mesh.cpp
C:\src\yt-tutorials\CPP\OpenGL\OpenGLTutorial\OpenGLTutorial\src\graphics\glmemory.hpp(98,1): warning C4312: 'type cast': conversion from 'GLint' to 'void *' of greater size
C:\src\yt-tutorials\CPP\OpenGL\OpenGLTutorial\OpenGLTutorial\src\graphics\models\box.hpp(62,1): warning C4267: 'argument': conversion from 'size_t' to 'GLuint', possible loss of data
C:\src\yt-tutorials\CPP\OpenGL\OpenGLTutorial\OpenGLTutorial\src\graphics\models\box.hpp(68,1): warning C4267: 'argument': conversion from 'size_t' to 'GLuint', possible loss of data
C:\src\yt-tutorials\CPP\OpenGL\OpenGLTutorial\OpenGLTutorial\src\graphics\models\box.hpp(109,1): warning C4267: 'argument': conversion from 'size_t' to 'GLuint', possible loss of data
C:\src\yt-tutorials\CPP\OpenGL\OpenGLTutorial\OpenGLTutorial\src\graphics\mesh.cpp(80,60): warning C4267: 'argument': conversion from 'size_t' to 'GLuint', possible loss of data
C:\src\yt-tutorials\CPP\OpenGL\OpenGLTutorial\OpenGLTutorial\src\graphics\mesh.cpp(99,72): warning C4267: 'argument': conversion from 'size_t' to 'GLuint', possible loss of data
C:\src\yt-tutorials\CPP\OpenGL\OpenGLTutorial\OpenGLTutorial\src\graphics\mesh.cpp(105,74): warning C4267: 'argument': conversion from 'size_t' to 'GLuint', possible loss of data
  model.cpp
C:\src\yt-tutorials\CPP\OpenGL\OpenGLTutorial\OpenGLTutorial\src\graphics\glmemory.hpp(98,1): warning C4312: 'type cast': conversion from 'GLint' to 'void *' of greater size
C:\src\yt-tutorials\CPP\OpenGL\OpenGLTutorial\OpenGLTutorial\src\graphics\models\box.hpp(62,1): warning C4267: 'argument': conversion from 'size_t' to 'GLuint', possible loss of data
C:\src\yt-tutorials\CPP\OpenGL\OpenGLTutorial\OpenGLTutorial\src\graphics\models\box.hpp(68,1): warning C4267: 'argument': conversion from 'size_t' to 'GLuint', possible loss of data
C:\src\yt-tutorials\CPP\OpenGL\OpenGLTutorial\OpenGLTutorial\src\graphics\models\box.hpp(109,1): warning C4267: 'argument': conversion from 'size_t' to 'GLuint', possible loss of data
  main.cpp
C:\src\yt-tutorials\CPP\OpenGL\OpenGLTutorial\OpenGLTutorial\src\graphics\glmemory.hpp(98,1): warning C4312: 'type cast': conversion from 'GLint' to 'void *' of greater size
C:\src\yt-tutorials\CPP\OpenGL\OpenGLTutorial\OpenGLTutorial\src\graphics\models\box.hpp(62,1): warning C4267: 'argument': conversion from 'size_t' to 'GLuint', possible loss of data
C:\src\yt-tutorials\CPP\OpenGL\OpenGLTutorial\OpenGLTutorial\src\graphics\models\box.hpp(68,1): warning C4267: 'argument': conversion from 'size_t' to 'GLuint', possible loss of data
C:\src\yt-tutorials\CPP\OpenGL\OpenGLTutorial\OpenGLTutorial\src\graphics\models\box.hpp(109,1): warning C4267: 'argument': conversion from 'size_t' to 'GLuint', possible loss of data
C:\src\yt-tutorials\CPP\OpenGL\OpenGLTutorial\OpenGLTutorial\src\graphics\models\cube.hpp(61,30): warning C4018: '<': signed/unsigned mismatch
C:\src\yt-tutorials\CPP\OpenGL\OpenGLTutorial\OpenGLTutorial\src\main.cpp(199,20): warning C4244: 'argument': conversion from 'double' to 'float', possible loss of data
C:\src\yt-tutorials\CPP\OpenGL\OpenGLTutorial\OpenGLTutorial\src\main.cpp(218,39): warning C4244: 'argument': conversion from 'double' to 'float', possible loss of data
C:\src\yt-tutorials\CPP\OpenGL\OpenGLTutorial\OpenGLTutorial\src\main.cpp(225,28): warning C4244: 'argument': conversion from 'double' to 'float', possible loss of data
C:\src\yt-tutorials\CPP\OpenGL\OpenGLTutorial\OpenGLTutorial\src\main.cpp(288,14): warning C4244: 'argument': conversion from 'double' to 'float', possible loss of data
C:\src\yt-tutorials\CPP\OpenGL\OpenGLTutorial\OpenGLTutorial\src\graphics\models\modelarray.hpp(80,1): warning C4267: 'initializing': conversion from 'size_t' to 'unsigned int', possible loss of data
C:\src\yt-tutorials\CPP\OpenGL\OpenGLTutorial\OpenGLTutorial\src\graphics\models\modelarray.hpp(47): message : while compiling class template member function 'void ModelArray<Sphere>::render(Shader,float,Box *,bool)'
C:\src\yt-tutorials\CPP\OpenGL\OpenGLTutorial\OpenGLTutorial\src\main.cpp(218): message : see reference to function template instantiation 'void ModelArray<Sphere>::render(Shader,float,Box *,bool)' being compiled
C:\src\yt-tutorials\CPP\OpenGL\OpenGLTutorial\OpenGLTutorial\src\graphics\models\sphere.hpp(19): message : see reference to class template instantiation 'ModelArray<Sphere>' being compiled
C:\src\yt-tutorials\CPP\OpenGL\OpenGLTutorial\OpenGLTutorial\src\graphics\models\modelarray.hpp(81,2): warning C4018: '<': signed/unsigned mismatch
C:\src\yt-tutorials\CPP\OpenGL\OpenGLTutorial\OpenGLTutorial\src\graphics\models\modelarray.hpp(86,1): warning C4267: 'argument': conversion from 'size_t' to 'GLuint', possible loss of data
C:\src\yt-tutorials\CPP\OpenGL\OpenGLTutorial\OpenGLTutorial\src\graphics\models\modelarray.hpp(31,1): warning C4267: 'initializing': conversion from 'size_t' to 'unsigned int', possible loss of data
C:\src\yt-tutorials\CPP\OpenGL\OpenGLTutorial\OpenGLTutorial\src\graphics\models\modelarray.hpp(15): message : while compiling class template member function 'void ModelArray<Sphere>::init(void)'
C:\src\yt-tutorials\CPP\OpenGL\OpenGLTutorial\OpenGLTutorial\src\graphics\models\sphere.hpp(23): message : see reference to function template instantiation 'void ModelArray<Sphere>::init(void)' being compiled
  Generating Code...
  OpenGLTutorial.vcxproj -> C:\src\yt-tutorials\CPP\OpenGL\OpenGLTutorial\x64\Debug\OpenGLTutorial.exe
  C:\src\yt-tutorials\CPP\OpenGL\OpenGLTutorial\
